<?xml version="1.0" encoding="UTF-8"?>
<testsuite xmlns:xsi="http://www.w3.org/2001/XMLSchema-instance" xsi:noNamespaceSchemaLocation="https://maven.apache.org/surefire/maven-surefire-plugin/xsd/surefire-test-report.xsd" name="Tests.CalculatorTests" time="19.934" tests="3" errors="0" skipped="0" failures="0">
  <properties>
[...]
</properties>
  <testcase name="checkingDivisionByZero" classname="Tests.CalculatorTests" time="8.92"/>
  <testcase name="checkingOperationsWithIntegers" classname="Tests.CalculatorTests" time="5.463"/>
  <testcase name="checkingErrorReportIfEnteredValueIsNull" classname="Tests.CalculatorTests" time="5.435"/>
</testsuite>